<?xml version="1.0" encoding="UTF-8"?>
<!-- Generated by org.testng.reporters.JUnitReportReporter -->
<testsuite hostname="DESKTOP-CQPPJ1M" failures="0" tests="1" name="com.DemoWeb.test.HomePageTestCases" time="8.553" errors="0" timestamp="2024-06-22T02:12:43 IST" skipped="0">
  <testcase classname="com.DemoWeb.test.HomePageTestCases" name="verifyCorrectSearchedProductsDisplayed" time="8.553"/>
</testsuite> <!-- com.DemoWeb.test.HomePageTestCases -->
