<?xml version="1.0" encoding="UTF-8"?>
<!-- Generated by org.testng.reporters.JUnitReportReporter -->
<testsuite hostname="DESKTOP-CQPPJ1M" failures="0" tests="1" name="com.DemoWeb.test.LoginTest" time="8.120" errors="0" timestamp="2024-06-23T12:27:20 IST" skipped="0">
  <testcase classname="com.DemoWeb.test.LoginTest" name="VerifyUserIsAbleToLoginAndViewTheLoginEmailPostLogin" time="8.120"/>
</testsuite> <!-- com.DemoWeb.test.LoginTest -->
