<?xml version="1.0" encoding="UTF-8"?>
<!-- Generated by org.testng.reporters.JUnitReportReporter -->
<testsuite hostname="DESKTOP-CQPPJ1M" failures="0" tests="1" name="com.DemoWeb.Utils.ExcelReader" time="1.132" errors="0" timestamp="2024-06-23T18:12:06 IST" skipped="0">
  <testcase classname="com.DemoWeb.Utils.ExcelReader" name="readData" time="1.132"/>
</testsuite> <!-- com.DemoWeb.Utils.ExcelReader -->
