<?xml version="1.0" encoding="UTF-8"?>
<!-- Generated by org.testng.reporters.JUnitReportReporter -->
<testsuite hostname="DESKTOP-CQPPJ1M" failures="0" tests="1" name="com.DemoWeb.test.LoginTest" time="6.495" errors="0" timestamp="2024-06-19T00:29:36 IST" skipped="0">
  <testcase classname="com.DemoWeb.test.LoginTest" name="verifyHeaderList" time="6.495"/>
</testsuite> <!-- com.DemoWeb.test.LoginTest -->
