<?xml version="1.0" encoding="UTF-8"?>
<!-- Generated by org.testng.reporters.JUnitReportReporter -->
<testsuite hostname="DESKTOP-CQPPJ1M" failures="0" tests="4" name="com.DemoWeb.test.LoginTest" time="40.212" errors="0" timestamp="2024-06-17T16:27:29 IST" skipped="0">
  <testcase classname="com.DemoWeb.test.LoginTest" name="verifyHeaderList" time="11.147"/>
  <testcase classname="com.DemoWeb.test.LoginTest" name="login" time="9.996"/>
  <testcase classname="com.DemoWeb.test.LoginTest" name="VerifyUserIsAbleToLoginAndViewTheLoginEmailPostLogin" time="13.446"/>
  <testcase classname="com.DemoWeb.test.LoginTest" name="VerifyValidationOnLogin" time="5.623"/>
</testsuite> <!-- com.DemoWeb.test.LoginTest -->
