<?xml version="1.0" encoding="UTF-8"?>
<!-- Generated by org.testng.reporters.JUnitReportReporter -->
<testsuite hostname="DESKTOP-CQPPJ1M" failures="0" tests="1" name="com.DemoWeb.test.DataDrivenRegistration" time="20.526" errors="0" timestamp="2024-06-23T19:05:49 IST" skipped="0">
  <testcase classname="com.DemoWeb.test.DataDrivenRegistration" name="verifyUserisAbleToRegisterMultipleUrsers" time="20.526"/>
</testsuite> <!-- com.DemoWeb.test.DataDrivenRegistration -->
