<?xml version="1.0" encoding="UTF-8"?>
<!-- Generated by org.testng.reporters.JUnitReportReporter -->
<testsuite hostname="DESKTOP-CQPPJ1M" failures="0" tests="1" name="com.DemoWeb.test.RegistrationTest" time="16.499" errors="0" timestamp="2024-06-23T16:36:13 IST" skipped="0">
  <testcase classname="com.DemoWeb.test.RegistrationTest" name="verifyUserIsAbleToSignUpWithValidCred" time="16.499"/>
</testsuite> <!-- com.DemoWeb.test.RegistrationTest -->
